<?xml version="1.0" encoding="UTF-8"?>
<!-- Generated by org.testng.reporters.JUnitReportReporter -->
<testsuite name="Addreading.Addbaby" tests="1" time="134.159" ignored="0" failures="0" timestamp="19 Dec 2018 16:30:59 GMT" skipped="0" hostname="DESKTOP-OT8OU31" errors="0">
  <testcase name="TestMethod" time="134.159" classname="Addreading.Addbaby"/>
</testsuite> <!-- Addreading.Addbaby -->
