<?xml version="1.0" encoding="UTF-8"?>
<!-- Generated by org.testng.reporters.JUnitReportReporter -->
<testsuite name="Appiumandroid1" tests="1" time="28.326" ignored="0" failures="0" timestamp="21 Nov 2018 07:14:48 GMT" skipped="0" hostname="DESKTOP-OT8OU31" errors="0">
  <testcase name="TestMethod" time="28.326" classname="Appiumandroid1"/>
</testsuite> <!-- Appiumandroid1 -->
