<?xml version="1.0" encoding="UTF-8"?>
<!-- Generated by org.testng.reporters.JUnitReportReporter -->
<testsuite hostname="DESKTOP-OT8OU31" name="com.crm.qa.testcase.HomePageTest" tests="3" failures="0" timestamp="16 Aug 2018 10:49:03 GMT" time="56.959" errors="0">
  <testcase name="verifyUserNameTest" time="23.288" classname="com.crm.qa.testcase.HomePageTest"/>
  <testcase name="verifyHomePageTitleTest" time="16.204" classname="com.crm.qa.testcase.HomePageTest"/>
  <testcase name="verifyContactsLinkTest" time="17.467" classname="com.crm.qa.testcase.HomePageTest"/>
</testsuite> <!-- com.crm.qa.testcase.HomePageTest -->
