<?xml version="1.0" encoding="UTF-8"?>
<!-- Generated by org.testng.reporters.JUnitReportReporter -->
<testsuite hostname="DESKTOP-OT8OU31" name="com.crm.qa.testcase.HomePageTest" tests="3" failures="0" timestamp="14 Jun 2018 10:29:25 GMT" time="91.448" errors="0">
  <testcase name="verifyUserNameTest" time="30.176" classname="com.crm.qa.testcase.HomePageTest"/>
  <testcase name="verifyContactsLinkTest" time="27.134" classname="com.crm.qa.testcase.HomePageTest"/>
  <testcase name="verifyHomePageTitleTest" time="34.138" classname="com.crm.qa.testcase.HomePageTest"/>
</testsuite> <!-- com.crm.qa.testcase.HomePageTest -->
