<?xml version="1.0" encoding="UTF-8"?>
<!-- Generated by org.testng.reporters.JUnitReportReporter -->
<testsuite hostname="DESKTOP-OT8OU31" name="com.crm.qa.testcase.LoginPageTest" tests="3" failures="0" timestamp="13 Jun 2018 10:18:39 GMT" time="41.823" errors="0">
  <testcase name="crmLogoImageTest" time="9.386" classname="com.crm.qa.testcase.LoginPageTest"/>
  <testcase name="loginPageTitleTest" time="9.148" classname="com.crm.qa.testcase.LoginPageTest"/>
  <testcase name="loginTest" time="23.289" classname="com.crm.qa.testcase.LoginPageTest"/>
</testsuite> <!-- com.crm.qa.testcase.LoginPageTest -->
