<?xml version="1.0" encoding="UTF-8"?>
<!-- Generated by org.testng.reporters.JUnitReportReporter -->
<testsuite hostname="DESKTOP-OT8OU31" name="seleniummukesh.Facebookscreenshort" tests="1" failures="0" timestamp="29 Dec 2018 04:52:50 GMT" time="7.257" errors="0">
  <testcase name="captureScreenshot" time="7.257" classname="seleniummukesh.Facebookscreenshort"/>
</testsuite> <!-- seleniummukesh.Facebookscreenshort -->
