<?xml version="1.0" encoding="UTF-8"?>
<!-- Generated by org.testng.reporters.JUnitReportReporter -->
<testsuite hostname="DESKTOP-OT8OU31" name="seleniummukesh.Drapdown" tests="1" failures="0" timestamp="25 Apr 2018 07:06:33 GMT" time="15.754" errors="0">
  <testcase name="selectDDValues" time="15.754" classname="seleniummukesh.Drapdown"/>
</testsuite> <!-- seleniummukesh.Drapdown -->
