<?xml version="1.0" encoding="UTF-8"?>
<!-- Generated by org.testng.reporters.JUnitReportReporter -->
<testsuite hostname="DESKTOP-OT8OU31" name="seleniummukesh.Drapdown1" tests="1" failures="0" timestamp="25 Apr 2018 07:08:36 GMT" time="9.800" errors="0">
  <testcase name="selectDDValues" time="9.800" classname="seleniummukesh.Drapdown1"/>
</testsuite> <!-- seleniummukesh.Drapdown1 -->
