<?xml version="1.0" encoding="UTF-8"?>
<!-- Generated by org.testng.reporters.JUnitReportReporter -->
<testsuite hostname="DESKTOP-OT8OU31" name="seleniummukesh.Drapdown" tests="1" failures="0" timestamp="10 Jan 2019 10:27:24 GMT" time="15.264" errors="0">
  <testcase name="selectDDValues" time="15.264" classname="seleniummukesh.Drapdown"/>
</testsuite> <!-- seleniummukesh.Drapdown -->
