<?xml version="1.0" encoding="UTF-8"?>
<!-- Generated by org.testng.reporters.JUnitReportReporter -->
<testsuite hostname="DESKTOP-OT8OU31" name="seleniummukesh.Facebookscreenshort" tests="1" failures="0" timestamp="6 Feb 2019 10:38:49 GMT" time="27.425" errors="0">
  <testcase name="captureScreenshot" time="27.425" classname="seleniummukesh.Facebookscreenshort"/>
</testsuite> <!-- seleniummukesh.Facebookscreenshort -->
