<?xml version="1.0" encoding="UTF-8"?>
<!-- Generated by org.testng.reporters.JUnitReportReporter -->
<testsuite hostname="DESKTOP-OT8OU31" name="seleniummukesh.Drapdown2" tests="1" failures="0" timestamp="25 Apr 2018 07:11:39 GMT" time="9.307" errors="0">
  <testcase name="selectDDValues" time="9.307" classname="seleniummukesh.Drapdown2"/>
</testsuite> <!-- seleniummukesh.Drapdown2 -->
