<?xml version="1.0" encoding="UTF-8"?>
<!-- Generated by org.testng.reporters.JUnitReportReporter -->
<testsuite hostname="DESKTOP-OT8OU31" name="seleniummukesh.Drapdown2" tests="1" failures="0" timestamp="24 Nov 2018 09:03:07 GMT" time="10.754" errors="0">
  <testcase name="selectDDValues" time="10.754" classname="seleniummukesh.Drapdown2"/>
</testsuite> <!-- seleniummukesh.Drapdown2 -->
