<?xml version="1.0" encoding="UTF-8"?>
<!-- Generated by org.testng.reporters.JUnitReportReporter -->
<testsuite hostname="DESKTOP-OT8OU31" name="seleniummukesh.Drapdown1" tests="1" failures="0" timestamp="24 Nov 2018 09:01:25 GMT" time="25.973" errors="0">
  <testcase name="selectDDValues" time="25.973" classname="seleniummukesh.Drapdown1"/>
</testsuite> <!-- seleniummukesh.Drapdown1 -->
